<?xml version="1.0" encoding="UTF-8"?>
<robot generator="Robot 4.0.3 (Python 3.8.5 on linux)" generated="20210527 15:34:33.010" rpa="false" schemaversion="2">
<suite id="s1" name="Robotfw-Selenium" source="/home/npml/Projetos/Python/Robot_Framework/robotfw-selenium">
<suite id="s1-s1" name="Tests" source="/home/npml/Projetos/Python/Robot_Framework/robotfw-selenium/tests">
<suite id="s1-s1-s1" name="Login" source="/home/npml/Projetos/Python/Robot_Framework/robotfw-selenium/tests/login.robot">
<test id="s1-s1-s1-t1" name="Login com sucesso">
<kw name="Inicia sessão" library="basePage" type="SETUP">
<kw name="Open Browser" library="Selenium2Library">
<arg>${url}</arg>
<arg>${browser}</arg>
<doc>Opens a new browser instance to the optional ``url``.</doc>
<msg timestamp="20210527 15:34:33.119" level="INFO">Opening browser 'Chrome' to base url 'http://165.227.93.41/lojinha-web'.</msg>
<kw name="Capture Page Screenshot" library="Selenium2Library">
<doc>Takes a screenshot of the current page and embeds it into a log file.</doc>
<msg timestamp="20210527 15:34:34.526" level="INFO">Cannot capture screenshot because no browser is open.</msg>
<status status="PASS" starttime="20210527 15:34:34.526" endtime="20210527 15:34:34.526"/>
</kw>
<msg timestamp="20210527 15:34:34.527" level="FAIL">SessionNotCreatedException: Message: session not created: This version of ChromeDriver only supports Chrome version 86
Current browser version is 90.0.4430.72 with binary path /usr/bin/google-chrome
</msg>
<status status="FAIL" starttime="20210527 15:34:33.119" endtime="20210527 15:34:34.527"/>
</kw>
<kw name="Maximize Browser Window" library="Selenium2Library">
<doc>Maximizes current browser window.</doc>
<status status="NOT RUN" starttime="20210527 15:34:34.527" endtime="20210527 15:34:34.527"/>
</kw>
<kw name="Get DateTime" library="basePage">
<var>${_date_}</var>
<status status="NOT RUN" starttime="20210527 15:34:34.527" endtime="20210527 15:34:34.527"/>
</kw>
<kw name="Set Global Variable" library="BuiltIn">
<arg>${path}</arg>
<arg>./log/screenshots/${_date_}</arg>
<doc>Makes a variable available globally in all tests and suites.</doc>
<status status="NOT RUN" starttime="20210527 15:34:34.528" endtime="20210527 15:34:34.528"/>
</kw>
<status status="FAIL" starttime="20210527 15:34:33.118" endtime="20210527 15:34:34.528"/>
</kw>
<kw name="Encerra sessão" library="basePage" type="TEARDOWN">
<kw name="Screenshot" library="basePage">
<arg>picture</arg>
<kw name="Set Screenshot Directory" library="Selenium2Library">
<arg>${path}</arg>
<doc>Sets the directory for captured screenshots.</doc>
<msg timestamp="20210527 15:34:34.529" level="FAIL">Variable '${path}' not found.</msg>
<status status="FAIL" starttime="20210527 15:34:34.529" endtime="20210527 15:34:34.529"/>
</kw>
<kw name="Capture Page Screenshot" library="Selenium2Library">
<arg>${filename}.${file_type}</arg>
<doc>Takes a screenshot of the current page and embeds it into a log file.</doc>
<msg timestamp="20210527 15:34:34.530" level="INFO">Cannot capture screenshot because no browser is open.</msg>
<status status="PASS" starttime="20210527 15:34:34.530" endtime="20210527 15:34:34.530"/>
</kw>
<kw name="Get DateTime" library="basePage">
<var>${_date_}</var>
<kw name="Get Current Date" library="DateTime">
<var>${current_date}</var>
<arg>result_format=%d.%m.%Y_%H.%M.%S</arg>
<doc>Returns current local or UTC time with an optional increment.</doc>
<msg timestamp="20210527 15:34:34.530" level="INFO">${current_date} = 27.05.2021_15.34.34</msg>
<status status="PASS" starttime="20210527 15:34:34.530" endtime="20210527 15:34:34.530"/>
</kw>
<msg timestamp="20210527 15:34:34.531" level="INFO">${_date_} = 27.05.2021_15.34.34</msg>
<status status="PASS" starttime="20210527 15:34:34.530" endtime="20210527 15:34:34.531"/>
</kw>
<kw name="Log To Console" library="BuiltIn">
<arg>\nDate of execution: ${_date_}</arg>
<doc>Logs the given message to the console.</doc>
<status status="PASS" starttime="20210527 15:34:34.531" endtime="20210527 15:34:34.531"/>
</kw>
<status status="FAIL" starttime="20210527 15:34:34.528" endtime="20210527 15:34:34.531"/>
</kw>
<kw name="Close Browser" library="Selenium2Library">
<doc>Closes the current browser.</doc>
<status status="PASS" starttime="20210527 15:34:34.531" endtime="20210527 15:34:34.531"/>
</kw>
<status status="FAIL" starttime="20210527 15:34:34.528" endtime="20210527 15:34:34.531">Variable '${path}' not found.</status>
</kw>
<status status="FAIL" starttime="20210527 15:34:33.118" endtime="20210527 15:34:34.532">Setup failed:
SessionNotCreatedException: Message: session not created: This version of ChromeDriver only supports Chrome version 86
Current browser version is 90.0.4430.72 with binary path /usr/bin/google-chrome


Also teardown failed:
Variable '${path}' not found.</status>
</test>
<test id="s1-s1-s1-t2" name="Login inválido">
<kw name="Inicia sessão" library="basePage" type="SETUP">
<kw name="Open Browser" library="Selenium2Library">
<arg>${url}</arg>
<arg>${browser}</arg>
<doc>Opens a new browser instance to the optional ``url``.</doc>
<msg timestamp="20210527 15:34:34.533" level="INFO">Opening browser 'Chrome' to base url 'http://165.227.93.41/lojinha-web'.</msg>
<kw name="Capture Page Screenshot" library="Selenium2Library">
<doc>Takes a screenshot of the current page and embeds it into a log file.</doc>
<msg timestamp="20210527 15:34:35.883" level="INFO">Cannot capture screenshot because no browser is open.</msg>
<status status="PASS" starttime="20210527 15:34:35.883" endtime="20210527 15:34:35.884"/>
</kw>
<msg timestamp="20210527 15:34:35.884" level="FAIL">SessionNotCreatedException: Message: session not created: This version of ChromeDriver only supports Chrome version 86
Current browser version is 90.0.4430.72 with binary path /usr/bin/google-chrome
</msg>
<status status="FAIL" starttime="20210527 15:34:34.533" endtime="20210527 15:34:35.884"/>
</kw>
<kw name="Maximize Browser Window" library="Selenium2Library">
<doc>Maximizes current browser window.</doc>
<status status="NOT RUN" starttime="20210527 15:34:35.884" endtime="20210527 15:34:35.884"/>
</kw>
<kw name="Get DateTime" library="basePage">
<var>${_date_}</var>
<status status="NOT RUN" starttime="20210527 15:34:35.884" endtime="20210527 15:34:35.885"/>
</kw>
<kw name="Set Global Variable" library="BuiltIn">
<arg>${path}</arg>
<arg>./log/screenshots/${_date_}</arg>
<doc>Makes a variable available globally in all tests and suites.</doc>
<status status="NOT RUN" starttime="20210527 15:34:35.885" endtime="20210527 15:34:35.885"/>
</kw>
<status status="FAIL" starttime="20210527 15:34:34.532" endtime="20210527 15:34:35.885"/>
</kw>
<kw name="Encerra sessão" library="basePage" type="TEARDOWN">
<kw name="Screenshot" library="basePage">
<arg>picture</arg>
<kw name="Set Screenshot Directory" library="Selenium2Library">
<arg>${path}</arg>
<doc>Sets the directory for captured screenshots.</doc>
<msg timestamp="20210527 15:34:35.887" level="FAIL">Variable '${path}' not found.</msg>
<status status="FAIL" starttime="20210527 15:34:35.886" endtime="20210527 15:34:35.887"/>
</kw>
<kw name="Capture Page Screenshot" library="Selenium2Library">
<arg>${filename}.${file_type}</arg>
<doc>Takes a screenshot of the current page and embeds it into a log file.</doc>
<msg timestamp="20210527 15:34:35.887" level="INFO">Cannot capture screenshot because no browser is open.</msg>
<status status="PASS" starttime="20210527 15:34:35.887" endtime="20210527 15:34:35.887"/>
</kw>
<kw name="Get DateTime" library="basePage">
<var>${_date_}</var>
<kw name="Get Current Date" library="DateTime">
<var>${current_date}</var>
<arg>result_format=%d.%m.%Y_%H.%M.%S</arg>
<doc>Returns current local or UTC time with an optional increment.</doc>
<msg timestamp="20210527 15:34:35.888" level="INFO">${current_date} = 27.05.2021_15.34.35</msg>
<status status="PASS" starttime="20210527 15:34:35.887" endtime="20210527 15:34:35.888"/>
</kw>
<msg timestamp="20210527 15:34:35.888" level="INFO">${_date_} = 27.05.2021_15.34.35</msg>
<status status="PASS" starttime="20210527 15:34:35.887" endtime="20210527 15:34:35.888"/>
</kw>
<kw name="Log To Console" library="BuiltIn">
<arg>\nDate of execution: ${_date_}</arg>
<doc>Logs the given message to the console.</doc>
<status status="PASS" starttime="20210527 15:34:35.888" endtime="20210527 15:34:35.888"/>
</kw>
<status status="FAIL" starttime="20210527 15:34:35.886" endtime="20210527 15:34:35.888"/>
</kw>
<kw name="Close Browser" library="Selenium2Library">
<doc>Closes the current browser.</doc>
<status status="PASS" starttime="20210527 15:34:35.888" endtime="20210527 15:34:35.889"/>
</kw>
<status status="FAIL" starttime="20210527 15:34:35.885" endtime="20210527 15:34:35.889">Variable '${path}' not found.</status>
</kw>
<status status="FAIL" starttime="20210527 15:34:34.532" endtime="20210527 15:34:35.889">Setup failed:
SessionNotCreatedException: Message: session not created: This version of ChromeDriver only supports Chrome version 86
Current browser version is 90.0.4430.72 with binary path /usr/bin/google-chrome


Also teardown failed:
Variable '${path}' not found.</status>
</test>
<status status="FAIL" starttime="20210527 15:34:33.026" endtime="20210527 15:34:35.890"/>
</suite>
<status status="FAIL" starttime="20210527 15:34:33.025" endtime="20210527 15:34:35.891"/>
</suite>
<status status="FAIL" starttime="20210527 15:34:33.011" endtime="20210527 15:34:35.892"/>
</suite>
<statistics>
<total>
<stat pass="0" fail="2" skip="0">All Tests</stat>
</total>
<tag>
</tag>
<suite>
<stat pass="0" fail="2" skip="0" id="s1" name="Robotfw-Selenium">Robotfw-Selenium</stat>
<stat pass="0" fail="2" skip="0" id="s1-s1" name="Tests">Robotfw-Selenium.Tests</stat>
<stat pass="0" fail="2" skip="0" id="s1-s1-s1" name="Login">Robotfw-Selenium.Tests.Login</stat>
</suite>
</statistics>
<errors>
</errors>
</robot>
